Analysis & Synthesis report for UART
Thu Mar 04 07:29:27 2021
Quartus Prime Version 18.1.0 Build 625 09/12/2018 SJ Lite Edition


---------------------
; Table of Contents ;
---------------------
  1. Legal Notice
  2. Analysis & Synthesis Summary
  3. Analysis & Synthesis Settings
  4. Parallel Compilation
  5. Analysis & Synthesis Source Files Read
  6. Analysis & Synthesis Resource Usage Summary
  7. Analysis & Synthesis Resource Utilization by Entity
  8. State Machine - |uartTransmiter|STATE
  9. Registers Removed During Synthesis
 10. General Register Statistics
 11. Parameter Settings for User Entity Instance: Top-level Entity: |uartTransmiter
 12. Post-Synthesis Netlist Statistics for Top Partition
 13. Elapsed Time Per Partition
 14. Analysis & Synthesis Messages
 15. Analysis & Synthesis Suppressed Messages



----------------
; Legal Notice ;
----------------
Copyright (C) 2018  Intel Corporation. All rights reserved.
Your use of Intel Corporation's design tools, logic functions 
and other software and tools, and its AMPP partner logic 
functions, and any output files from any of the foregoing 
(including device programming or simulation files), and any 
associated documentation or information are expressly subject 
to the terms and conditions of the Intel Program License 
Subscription Agreement, the Intel Quartus Prime License Agreement,
the Intel FPGA IP License Agreement, or other applicable license
agreement, including, without limitation, that your use is for
the sole purpose of programming logic devices manufactured by
Intel and sold by Intel or its authorized distributors.  Please
refer to the applicable agreement for further details.



+----------------------------------------------------------------------------------+
; Analysis & Synthesis Summary                                                     ;
+------------------------------------+---------------------------------------------+
; Analysis & Synthesis Status        ; Successful - Thu Mar 04 07:29:27 2021       ;
; Quartus Prime Version              ; 18.1.0 Build 625 09/12/2018 SJ Lite Edition ;
; Revision Name                      ; UART                                        ;
; Top-level Entity Name              ; uartTransmiter                              ;
; Family                             ; MAX 10                                      ;
; Total logic elements               ; 1                                           ;
;     Total combinational functions  ; 1                                           ;
;     Dedicated logic registers      ; 1                                           ;
; Total registers                    ; 1                                           ;
; Total pins                         ; 13                                          ;
; Total virtual pins                 ; 0                                           ;
; Total memory bits                  ; 0                                           ;
; Embedded Multiplier 9-bit elements ; 0                                           ;
; Total PLLs                         ; 0                                           ;
; UFM blocks                         ; 0                                           ;
; ADC blocks                         ; 0                                           ;
+------------------------------------+---------------------------------------------+


+------------------------------------------------------------------------------------------------------------+
; Analysis & Synthesis Settings                                                                              ;
+------------------------------------------------------------------+--------------------+--------------------+
; Option                                                           ; Setting            ; Default Value      ;
+------------------------------------------------------------------+--------------------+--------------------+
; Device                                                           ; 10M50DAF484C7G     ;                    ;
; Top-level entity name                                            ; uartTransmiter     ; UART               ;
; Family name                                                      ; MAX 10             ; Cyclone V          ;
; Use smart compilation                                            ; Off                ; Off                ;
; Enable parallel Assembler and Timing Analyzer during compilation ; On                 ; On                 ;
; Enable compact report table                                      ; Off                ; Off                ;
; Restructure Multiplexers                                         ; Auto               ; Auto               ;
; Create Debugging Nodes for IP Cores                              ; Off                ; Off                ;
; Preserve fewer node names                                        ; On                 ; On                 ;
; Intel FPGA IP Evaluation Mode                                    ; Enable             ; Enable             ;
; Verilog Version                                                  ; Verilog_2001       ; Verilog_2001       ;
; VHDL Version                                                     ; VHDL_1993          ; VHDL_1993          ;
; State Machine Processing                                         ; Auto               ; Auto               ;
; Safe State Machine                                               ; Off                ; Off                ;
; Extract Verilog State Machines                                   ; On                 ; On                 ;
; Extract VHDL State Machines                                      ; On                 ; On                 ;
; Ignore Verilog initial constructs                                ; Off                ; Off                ;
; Iteration limit for constant Verilog loops                       ; 5000               ; 5000               ;
; Iteration limit for non-constant Verilog loops                   ; 250                ; 250                ;
; Add Pass-Through Logic to Inferred RAMs                          ; On                 ; On                 ;
; Infer RAMs from Raw Logic                                        ; On                 ; On                 ;
; Parallel Synthesis                                               ; On                 ; On                 ;
; DSP Block Balancing                                              ; Auto               ; Auto               ;
; NOT Gate Push-Back                                               ; On                 ; On                 ;
; Power-Up Don't Care                                              ; On                 ; On                 ;
; Remove Redundant Logic Cells                                     ; Off                ; Off                ;
; Remove Duplicate Registers                                       ; On                 ; On                 ;
; Ignore CARRY Buffers                                             ; Off                ; Off                ;
; Ignore CASCADE Buffers                                           ; Off                ; Off                ;
; Ignore GLOBAL Buffers                                            ; Off                ; Off                ;
; Ignore ROW GLOBAL Buffers                                        ; Off                ; Off                ;
; Ignore LCELL Buffers                                             ; Off                ; Off                ;
; Ignore SOFT Buffers                                              ; On                 ; On                 ;
; Limit AHDL Integers to 32 Bits                                   ; Off                ; Off                ;
; Optimization Technique                                           ; Balanced           ; Balanced           ;
; Carry Chain Length                                               ; 70                 ; 70                 ;
; Auto Carry Chains                                                ; On                 ; On                 ;
; Auto Open-Drain Pins                                             ; On                 ; On                 ;
; Perform WYSIWYG Primitive Resynthesis                            ; Off                ; Off                ;
; Auto ROM Replacement                                             ; On                 ; On                 ;
; Auto RAM Replacement                                             ; On                 ; On                 ;
; Auto DSP Block Replacement                                       ; On                 ; On                 ;
; Auto Shift Register Replacement                                  ; Auto               ; Auto               ;
; Allow Shift Register Merging across Hierarchies                  ; Auto               ; Auto               ;
; Auto Clock Enable Replacement                                    ; On                 ; On                 ;
; Strict RAM Replacement                                           ; Off                ; Off                ;
; Allow Synchronous Control Signals                                ; On                 ; On                 ;
; Force Use of Synchronous Clear Signals                           ; Off                ; Off                ;
; Auto RAM Block Balancing                                         ; On                 ; On                 ;
; Auto RAM to Logic Cell Conversion                                ; Off                ; Off                ;
; Auto Resource Sharing                                            ; Off                ; Off                ;
; Allow Any RAM Size For Recognition                               ; Off                ; Off                ;
; Allow Any ROM Size For Recognition                               ; Off                ; Off                ;
; Allow Any Shift Register Size For Recognition                    ; Off                ; Off                ;
; Use LogicLock Constraints during Resource Balancing              ; On                 ; On                 ;
; Ignore translate_off and synthesis_off directives                ; Off                ; Off                ;
; Timing-Driven Synthesis                                          ; On                 ; On                 ;
; Report Parameter Settings                                        ; On                 ; On                 ;
; Report Source Assignments                                        ; On                 ; On                 ;
; Report Connectivity Checks                                       ; On                 ; On                 ;
; Ignore Maximum Fan-Out Assignments                               ; Off                ; Off                ;
; Synchronization Register Chain Length                            ; 2                  ; 2                  ;
; Power Optimization During Synthesis                              ; Normal compilation ; Normal compilation ;
; HDL message level                                                ; Level2             ; Level2             ;
; Suppress Register Optimization Related Messages                  ; Off                ; Off                ;
; Number of Removed Registers Reported in Synthesis Report         ; 5000               ; 5000               ;
; Number of Swept Nodes Reported in Synthesis Report               ; 5000               ; 5000               ;
; Number of Inverted Registers Reported in Synthesis Report        ; 100                ; 100                ;
; Clock MUX Protection                                             ; On                 ; On                 ;
; Auto Gated Clock Conversion                                      ; Off                ; Off                ;
; Block Design Naming                                              ; Auto               ; Auto               ;
; SDC constraint protection                                        ; Off                ; Off                ;
; Synthesis Effort                                                 ; Auto               ; Auto               ;
; Shift Register Replacement - Allow Asynchronous Clear Signal     ; On                 ; On                 ;
; Pre-Mapping Resynthesis Optimization                             ; Off                ; Off                ;
; Analysis & Synthesis Message Level                               ; Medium             ; Medium             ;
; Disable Register Merging Across Hierarchies                      ; Auto               ; Auto               ;
; Resource Aware Inference For Block RAM                           ; On                 ; On                 ;
+------------------------------------------------------------------+--------------------+--------------------+


+------------------------------------------+
; Parallel Compilation                     ;
+----------------------------+-------------+
; Processors                 ; Number      ;
+----------------------------+-------------+
; Number detected on machine ; 8           ;
; Maximum allowed            ; 4           ;
;                            ;             ;
; Average used               ; 1.00        ;
; Maximum used               ; 4           ;
;                            ;             ;
; Usage by Processor         ; % Time Used ;
;     Processor 1            ; 100.0%      ;
;     Processors 2-4         ;   0.0%      ;
+----------------------------+-------------+


+--------------------------------------------------------------------------------------------------------------------------------------------+
; Analysis & Synthesis Source Files Read                                                                                                     ;
+----------------------------------+-----------------+------------------------+----------------------------------------------------+---------+
; File Name with User-Entered Path ; Used in Netlist ; File Type              ; File Name with Absolute Path                       ; Library ;
+----------------------------------+-----------------+------------------------+----------------------------------------------------+---------+
; uartTransmiter.v                 ; yes             ; User Verilog HDL File  ; C:/intelFPGA_lite/18.1/Gallo/UART/uartTransmiter.v ;         ;
+----------------------------------+-----------------+------------------------+----------------------------------------------------+---------+


+------------------------------------------------------+
; Analysis & Synthesis Resource Usage Summary          ;
+---------------------------------------------+--------+
; Resource                                    ; Usage  ;
+---------------------------------------------+--------+
; Estimated Total logic elements              ; 1      ;
;                                             ;        ;
; Total combinational functions               ; 1      ;
; Logic element usage by number of LUT inputs ;        ;
;     -- 4 input functions                    ; 0      ;
;     -- 3 input functions                    ; 0      ;
;     -- <=2 input functions                  ; 1      ;
;                                             ;        ;
; Logic elements by mode                      ;        ;
;     -- normal mode                          ; 1      ;
;     -- arithmetic mode                      ; 0      ;
;                                             ;        ;
; Total registers                             ; 1      ;
;     -- Dedicated logic registers            ; 1      ;
;     -- I/O registers                        ; 0      ;
;                                             ;        ;
; I/O pins                                    ; 13     ;
;                                             ;        ;
; Embedded Multiplier 9-bit elements          ; 0      ;
;                                             ;        ;
; Maximum fan-out node                        ; Active ;
; Maximum fan-out                             ; 2      ;
; Total fan-out                               ; 18     ;
; Average fan-out                             ; 0.64   ;
+---------------------------------------------+--------+


+---------------------------------------------------------------------------------------------------------------------------------------------------------------------------------------------------------------------------------------+
; Analysis & Synthesis Resource Utilization by Entity                                                                                                                                                                                   ;
+----------------------------+---------------------+---------------------------+-------------+------------+--------------+---------+-----------+------+--------------+------------+---------------------+----------------+--------------+
; Compilation Hierarchy Node ; Combinational ALUTs ; Dedicated Logic Registers ; Memory Bits ; UFM Blocks ; DSP Elements ; DSP 9x9 ; DSP 18x18 ; Pins ; Virtual Pins ; ADC blocks ; Full Hierarchy Name ; Entity Name    ; Library Name ;
+----------------------------+---------------------+---------------------------+-------------+------------+--------------+---------+-----------+------+--------------+------------+---------------------+----------------+--------------+
; |uartTransmiter            ; 1 (1)               ; 1 (1)                     ; 0           ; 0          ; 0            ; 0       ; 0         ; 13   ; 0            ; 0          ; |uartTransmiter     ; uartTransmiter ; work         ;
+----------------------------+---------------------+---------------------------+-------------+------------+--------------+---------+-----------+------+--------------+------------+---------------------+----------------+--------------+
Note: For table entries with two numbers listed, the numbers in parentheses indicate the number of resources of the given type used by the specific entity alone. The numbers listed outside of parentheses indicate the total resources of the given type used by the specific entity and all of its sub-entities in the hierarchy.


Encoding Type:  One-Hot
+---------------------------------------+
; State Machine - |uartTransmiter|STATE ;
+---------------------------------------+
; Name                                  ;
+---------------------------------------+
; STATE.000                             ;
+---------------------------------------+


+--------------------------------------------------------------------------------+
; Registers Removed During Synthesis                                             ;
+---------------------------------------+----------------------------------------+
; Register name                         ; Reason for Removal                     ;
+---------------------------------------+----------------------------------------+
; Done                                  ; Stuck at GND due to stuck port data_in ;
; serial~reg0                           ; Stuck at VCC due to stuck port data_in ;
; STATE~2                               ; Lost fanout                            ;
; STATE~3                               ; Lost fanout                            ;
; STATE~4                               ; Lost fanout                            ;
; Total Number of Removed Registers = 5 ;                                        ;
+---------------------------------------+----------------------------------------+


+------------------------------------------------------+
; General Register Statistics                          ;
+----------------------------------------------+-------+
; Statistic                                    ; Value ;
+----------------------------------------------+-------+
; Total registers                              ; 1     ;
; Number of registers using Synchronous Clear  ; 0     ;
; Number of registers using Synchronous Load   ; 0     ;
; Number of registers using Asynchronous Clear ; 0     ;
; Number of registers using Asynchronous Load  ; 0     ;
; Number of registers using Clock Enable       ; 0     ;
; Number of registers using Preset             ; 0     ;
+----------------------------------------------+-------+


+--------------------------------------------------------------------------------+
; Parameter Settings for User Entity Instance: Top-level Entity: |uartTransmiter ;
+----------------+-------+-------------------------------------------------------+
; Parameter Name ; Value ; Type                                                  ;
+----------------+-------+-------------------------------------------------------+
; clocksPerBit   ; 5208  ; Signed Integer                                        ;
+----------------+-------+-------------------------------------------------------+
Note: In order to hide this table in the UI and the text report file, please set the "Show Parameter Settings in Synthesis Report" option in "Analysis and Synthesis Settings -> More Settings" to "Off".


+-----------------------------------------------------+
; Post-Synthesis Netlist Statistics for Top Partition ;
+-----------------------+-----------------------------+
; Type                  ; Count                       ;
+-----------------------+-----------------------------+
; boundary_port         ; 13                          ;
; cycloneiii_ff         ; 1                           ;
;     plain             ; 1                           ;
; cycloneiii_lcell_comb ; 3                           ;
;     normal            ; 3                           ;
;         0 data inputs ; 2                           ;
;         2 data inputs ; 1                           ;
;                       ;                             ;
; Max LUT depth         ; 1.00                        ;
; Average LUT depth     ; 0.50                        ;
+-----------------------+-----------------------------+


+-------------------------------+
; Elapsed Time Per Partition    ;
+----------------+--------------+
; Partition Name ; Elapsed Time ;
+----------------+--------------+
; Top            ; 00:00:00     ;
+----------------+--------------+


+-------------------------------+
; Analysis & Synthesis Messages ;
+-------------------------------+
Info: *******************************************************************
Info: Running Quartus Prime Analysis & Synthesis
    Info: Version 18.1.0 Build 625 09/12/2018 SJ Lite Edition
    Info: Processing started: Thu Mar 04 07:29:17 2021
Info: Command: quartus_map --read_settings_files=on --write_settings_files=off UART -c UART
Warning (18236): Number of processors has not been specified which may cause overloading on shared machines.  Set the global assignment NUM_PARALLEL_PROCESSORS in your QSF to an appropriate value for best performance.
Info (20030): Parallel compilation is enabled and will use 4 of the 4 processors detected
Info (12021): Found 1 design units, including 1 entities, in source file uarttransmiter.v
    Info (12023): Found entity 1: uartTransmiter File: C:/intelFPGA_lite/18.1/Gallo/UART/uartTransmiter.v Line: 1
Warning (10222): Verilog HDL Parameter Declaration warning at uartTransmiter.v(14): Parameter Declaration in module "uartTransmiter" behaves as a Local Parameter Declaration because the module has a Module Parameter Port List File: C:/intelFPGA_lite/18.1/Gallo/UART/uartTransmiter.v Line: 14
Warning (10222): Verilog HDL Parameter Declaration warning at uartTransmiter.v(15): Parameter Declaration in module "uartTransmiter" behaves as a Local Parameter Declaration because the module has a Module Parameter Port List File: C:/intelFPGA_lite/18.1/Gallo/UART/uartTransmiter.v Line: 15
Warning (10222): Verilog HDL Parameter Declaration warning at uartTransmiter.v(16): Parameter Declaration in module "uartTransmiter" behaves as a Local Parameter Declaration because the module has a Module Parameter Port List File: C:/intelFPGA_lite/18.1/Gallo/UART/uartTransmiter.v Line: 16
Warning (10222): Verilog HDL Parameter Declaration warning at uartTransmiter.v(17): Parameter Declaration in module "uartTransmiter" behaves as a Local Parameter Declaration because the module has a Module Parameter Port List File: C:/intelFPGA_lite/18.1/Gallo/UART/uartTransmiter.v Line: 17
Warning (10222): Verilog HDL Parameter Declaration warning at uartTransmiter.v(18): Parameter Declaration in module "uartTransmiter" behaves as a Local Parameter Declaration because the module has a Module Parameter Port List File: C:/intelFPGA_lite/18.1/Gallo/UART/uartTransmiter.v Line: 18
Info (12127): Elaborating entity "uartTransmiter" for the top level hierarchy
Warning (10230): Verilog HDL assignment warning at uartTransmiter.v(58): truncated value with size 32 to match size of target (8) File: C:/intelFPGA_lite/18.1/Gallo/UART/uartTransmiter.v Line: 58
Warning (10230): Verilog HDL assignment warning at uartTransmiter.v(73): truncated value with size 32 to match size of target (8) File: C:/intelFPGA_lite/18.1/Gallo/UART/uartTransmiter.v Line: 73
Warning (10230): Verilog HDL assignment warning at uartTransmiter.v(98): truncated value with size 32 to match size of target (8) File: C:/intelFPGA_lite/18.1/Gallo/UART/uartTransmiter.v Line: 98
Warning (10272): Verilog HDL Case Statement warning at uartTransmiter.v(53): case item expression covers a value already covered by a previous case item File: C:/intelFPGA_lite/18.1/Gallo/UART/uartTransmiter.v Line: 53
Warning (10272): Verilog HDL Case Statement warning at uartTransmiter.v(68): case item expression covers a value already covered by a previous case item File: C:/intelFPGA_lite/18.1/Gallo/UART/uartTransmiter.v Line: 68
Warning (10272): Verilog HDL Case Statement warning at uartTransmiter.v(93): case item expression covers a value already covered by a previous case item File: C:/intelFPGA_lite/18.1/Gallo/UART/uartTransmiter.v Line: 93
Warning (10272): Verilog HDL Case Statement warning at uartTransmiter.v(110): case item expression covers a value already covered by a previous case item File: C:/intelFPGA_lite/18.1/Gallo/UART/uartTransmiter.v Line: 110
Warning (13024): Output pins are stuck at VCC or GND
    Warning (13410): Pin "serial" is stuck at VCC File: C:/intelFPGA_lite/18.1/Gallo/UART/uartTransmiter.v Line: 8
    Warning (13410): Pin "oDone" is stuck at GND File: C:/intelFPGA_lite/18.1/Gallo/UART/uartTransmiter.v Line: 10
Info (286030): Timing-Driven Synthesis is running
Info (17049): 3 registers lost all their fanouts during netlist optimizations.
Info (144001): Generated suppressed messages file C:/intelFPGA_lite/18.1/Gallo/UART/output_files/UART.map.smsg
Info (16010): Generating hard_block partition "hard_block:auto_generated_inst"
    Info (16011): Adding 0 node(s), including 0 DDIO, 0 PLL, 0 transceiver and 0 LCELL
Warning (21074): Design contains 8 input pin(s) that do not drive logic
    Warning (15610): No output dependent on input pin "inputByte[0]" File: C:/intelFPGA_lite/18.1/Gallo/UART/uartTransmiter.v Line: 6
    Warning (15610): No output dependent on input pin "inputByte[1]" File: C:/intelFPGA_lite/18.1/Gallo/UART/uartTransmiter.v Line: 6
    Warning (15610): No output dependent on input pin "inputByte[2]" File: C:/intelFPGA_lite/18.1/Gallo/UART/uartTransmiter.v Line: 6
    Warning (15610): No output dependent on input pin "inputByte[3]" File: C:/intelFPGA_lite/18.1/Gallo/UART/uartTransmiter.v Line: 6
    Warning (15610): No output dependent on input pin "inputByte[4]" File: C:/intelFPGA_lite/18.1/Gallo/UART/uartTransmiter.v Line: 6
    Warning (15610): No output dependent on input pin "inputByte[5]" File: C:/intelFPGA_lite/18.1/Gallo/UART/uartTransmiter.v Line: 6
    Warning (15610): No output dependent on input pin "inputByte[6]" File: C:/intelFPGA_lite/18.1/Gallo/UART/uartTransmiter.v Line: 6
    Warning (15610): No output dependent on input pin "inputByte[7]" File: C:/intelFPGA_lite/18.1/Gallo/UART/uartTransmiter.v Line: 6
Info (21057): Implemented 14 device resources after synthesis - the final resource count might be different
    Info (21058): Implemented 10 input pins
    Info (21059): Implemented 3 output pins
    Info (21061): Implemented 1 logic cells
Info: Quartus Prime Analysis & Synthesis was successful. 0 errors, 25 warnings
    Info: Peak virtual memory: 4779 megabytes
    Info: Processing ended: Thu Mar 04 07:29:27 2021
    Info: Elapsed time: 00:00:10
    Info: Total CPU time (on all processors): 00:00:23


+------------------------------------------+
; Analysis & Synthesis Suppressed Messages ;
+------------------------------------------+
The suppressed messages can be found in C:/intelFPGA_lite/18.1/Gallo/UART/output_files/UART.map.smsg.


